nohup: ignoring input
Traceback (most recent call last):
  File "/home/assistant/.local/lib/python3.10/site-packages/urllib3/util/url.py", line 423, in parse_url
    host, port = _HOST_PORT_RE.match(host_port).groups()  # type: ignore[union-attr]
AttributeError: 'NoneType' object has no attribute 'groups'

The above exception was the direct cause of the following exception:

Traceback (most recent call last):
  File "/home/assistant/.local/lib/python3.10/site-packages/requests/models.py", line 433, in prepare_url
    scheme, auth, host, port, path, query, fragment = parse_url(url)
  File "/home/assistant/.local/lib/python3.10/site-packages/urllib3/util/url.py", line 449, in parse_url
    raise LocationParseError(source_url) from e
urllib3.exceptions.LocationParseError: Failed to parse: http://node1.ip:port/health

During handling of the above exception, another exception occurred:

Traceback (most recent call last):
  File "/home/assistant/neurogen/load_balancer.py", line 5, in <module>
    alive = [n for n in NODES if requests.get(f"{n}/health").status_code == 200]
  File "/home/assistant/neurogen/load_balancer.py", line 5, in <listcomp>
    alive = [n for n in NODES if requests.get(f"{n}/health").status_code == 200]
  File "/home/assistant/.local/lib/python3.10/site-packages/requests/api.py", line 73, in get
    return request("get", url, params=params, **kwargs)
  File "/home/assistant/.local/lib/python3.10/site-packages/requests/api.py", line 59, in request
    return session.request(method=method, url=url, **kwargs)
  File "/home/assistant/.local/lib/python3.10/site-packages/requests/sessions.py", line 575, in request
    prep = self.prepare_request(req)
  File "/home/assistant/.local/lib/python3.10/site-packages/requests/sessions.py", line 484, in prepare_request
    p.prepare(
  File "/home/assistant/.local/lib/python3.10/site-packages/requests/models.py", line 367, in prepare
    self.prepare_url(url, params)
  File "/home/assistant/.local/lib/python3.10/site-packages/requests/models.py", line 435, in prepare_url
    raise InvalidURL(*e.args)
requests.exceptions.InvalidURL: Failed to parse: http://node1.ip:port/health
